# JRE version: OpenJDK Runtime Environment Corretto-17.0.11.9.1 (17.0.11+9) (build 17.0.11+9-LTS)
# Java VM: OpenJDK 64-Bit Server VM Corretto-17.0.11.9.1 (17.0.11+9-LTS, mixed mode, sharing, tiered, compressed oops, compressed class ptrs, g1 gc, windows-amd64)
GC Precious Log:
 CPUs: 8 total, 8 available
 Memory: 6005M
 Large Page Support: Disabled
 NUMA Support: Disabled
 Compressed Oops: Enabled (32-bit)
 Heap Region Size: 1M
 Heap Min Capacity: 8M
 Heap Initial Capacity: 94M
 Heap Max Capacity: 1502M
 Pre-touch: Disabled
 Parallel Workers: 8
 Concurrent Workers: 2
 Concurrent Refinement Workers: 8
 Periodic GC: Disabled
Heap:
 garbage-first heap   total 102400K, used 77357K [0x00000000a2200000, 0x0000000100000000)
  region size 1024K, 49 young (50176K), 1 survivors (1024K)
 Metaspace       used 75720K, committed 76224K, reserved 1179648K
  class space    used 9602K, committed 9856K, reserved 1048576K
GC Heap History (20 events):
Event: 6728.922 GC heap before
{Heap before GC invocations=72 (full 0):
 garbage-first heap   total 75776K, used 31681K [0x00000000a2200000, 0x0000000100000000)
  region size 1024K, 3 young (3072K), 1 survivors (1024K)
 Metaspace       used 75697K, committed 76160K, reserved 1179648K
  class space    used 9600K, committed 9856K, reserved 1048576K
}
Event: 6728.931 GC heap after
{Heap after GC invocations=73 (full 0):
 garbage-first heap   total 75776K, used 29375K [0x00000000a2200000, 0x0000000100000000)
  region size 1024K, 1 young (1024K), 1 survivors (1024K)
 Metaspace       used 75697K, committed 76160K, reserved 1179648K
  class space    used 9600K, committed 9856K, reserved 1048576K
}
Event: 6730.804 GC heap before
{Heap before GC invocations=73 (full 0):
 garbage-first heap   total 75776K, used 65215K [0x00000000a2200000, 0x0000000100000000)
  region size 1024K, 36 young (36864K), 1 survivors (1024K)
 Metaspace       used 75697K, committed 76160K, reserved 1179648K
  class space    used 9600K, committed 9856K, reserved 1048576K
}
Event: 6730.807 GC heap after
{Heap after GC invocations=74 (full 0):
 garbage-first heap   total 75776K, used 29357K [0x00000000a2200000, 0x0000000100000000)
  region size 1024K, 1 young (1024K), 1 survivors (1024K)
 Metaspace       used 75697K, committed 76160K, reserved 1179648K
  class space    used 9600K, committed 9856K, reserved 1048576K
}
Event: 6733.298 GC heap before
{Heap before GC invocations=75 (full 0):
 garbage-first heap   total 75776K, used 65197K [0x00000000a2200000, 0x0000000100000000)
  region size 1024K, 36 young (36864K), 1 survivors (1024K)
 Metaspace       used 75699K, committed 76160K, reserved 1179648K
  class space    used 9600K, committed 9856K, reserved 1048576K
}
Event: 6733.315 GC heap after
{Heap after GC invocations=76 (full 0):
 garbage-first heap   total 75776K, used 29349K [0x00000000a2200000, 0x0000000100000000)
  region size 1024K, 1 young (1024K), 1 survivors (1024K)
 Metaspace       used 75699K, committed 76160K, reserved 1179648K
  class space    used 9600K, committed 9856K, reserved 1048576K
}
Event: 6733.426 GC heap before
{Heap before GC invocations=76 (full 0):
 garbage-first heap   total 75776K, used 31397K [0x00000000a2200000, 0x0000000100000000)
  region size 1024K, 3 young (3072K), 1 survivors (1024K)
 Metaspace       used 75699K, committed 76160K, reserved 1179648K
  class space    used 9600K, committed 9856K, reserved 1048576K
}
Event: 6733.435 GC heap after
{Heap after GC invocations=77 (full 0):
 garbage-first heap   total 75776K, used 29072K [0x00000000a2200000, 0x0000000100000000)
  region size 1024K, 1 young (1024K), 1 survivors (1024K)
 Metaspace       used 75699K, committed 76160K, reserved 1179648K
  class space    used 9600K, committed 9856K, reserved 1048576K
}
Event: 6736.136 GC heap before
{Heap before GC invocations=77 (full 0):
 garbage-first heap   total 75776K, used 65936K [0x00000000a2200000, 0x0000000100000000)
  region size 1024K, 37 young (37888K), 1 survivors (1024K)
 Metaspace       used 75700K, committed 76160K, reserved 1179648K
  class space    used 9601K, committed 9856K, reserved 1048576K
}
Event: 6736.139 GC heap after
{Heap after GC invocations=78 (full 0):
 garbage-first heap   total 75776K, used 29104K [0x00000000a2200000, 0x0000000100000000)
  region size 1024K, 1 young (1024K), 1 survivors (1024K)
 Metaspace       used 75700K, committed 76160K, reserved 1179648K
  class space    used 9601K, committed 9856K, reserved 1048576K
}
Event: 6739.355 GC heap before
{Heap before GC invocations=79 (full 0):
 garbage-first heap   total 75776K, used 64944K [0x00000000a2200000, 0x0000000100000000)
  region size 1024K, 37 young (37888K), 1 survivors (1024K)
 Metaspace       used 75700K, committed 76160K, reserved 1179648K
  class space    used 9601K, committed 9856K, reserved 1048576K
}
Event: 6739.378 GC heap after
{Heap after GC invocations=80 (full 0):
 garbage-first heap   total 138240K, used 29043K [0x00000000a2200000, 0x0000000100000000)
  region size 1024K, 1 young (1024K), 1 survivors (1024K)
 Metaspace       used 75700K, committed 76160K, reserved 1179648K
  class space    used 9601K, committed 9856K, reserved 1048576K
}
Event: 6745.592 GC heap before
{Heap before GC invocations=80 (full 0):
 garbage-first heap   total 138240K, used 110963K [0x00000000a2200000, 0x0000000100000000)
  region size 1024K, 81 young (82944K), 1 survivors (1024K)
 Metaspace       used 75711K, committed 76224K, reserved 1179648K
  class space    used 9601K, committed 9856K, reserved 1048576K
}
Event: 6745.596 GC heap after
{Heap after GC invocations=81 (full 0):
 garbage-first heap   total 138240K, used 29093K [0x00000000a2200000, 0x0000000100000000)
  region size 1024K, 1 young (1024K), 1 survivors (1024K)
 Metaspace       used 75711K, committed 76224K, reserved 1179648K
  class space    used 9601K, committed 9856K, reserved 1048576K
}
Event: 6749.867 GC heap before
{Heap before GC invocations=82 (full 0):
 garbage-first heap   total 102400K, used 89509K [0x00000000a2200000, 0x0000000100000000)
  region size 1024K, 60 young (61440K), 1 survivors (1024K)
 Metaspace       used 75714K, committed 76224K, reserved 1179648K
  class space    used 9601K, committed 9856K, reserved 1048576K
}
Event: 6749.870 GC heap after
{Heap after GC invocations=83 (full 0):
 garbage-first heap   total 102400K, used 29173K [0x00000000a2200000, 0x0000000100000000)
  region size 1024K, 1 young (1024K), 1 survivors (1024K)
 Metaspace       used 75714K, committed 76224K, reserved 1179648K
  class space    used 9601K, committed 9856K, reserved 1048576K
}
Event: 6753.075 GC heap before
{Heap before GC invocations=83 (full 0):
 garbage-first heap   total 102400K, used 89589K [0x00000000a2200000, 0x0000000100000000)
  region size 1024K, 60 young (61440K), 1 survivors (1024K)
 Metaspace       used 75717K, committed 76224K, reserved 1179648K
  class space    used 9601K, committed 9856K, reserved 1048576K
}
Event: 6753.078 GC heap after
{Heap after GC invocations=84 (full 0):
 garbage-first heap   total 102400K, used 29162K [0x00000000a2200000, 0x0000000100000000)
  region size 1024K, 1 young (1024K), 1 survivors (1024K)
 Metaspace       used 75717K, committed 76224K, reserved 1179648K
  class space    used 9601K, committed 9856K, reserved 1048576K
}
Event: 6756.110 GC heap before
{Heap before GC invocations=85 (full 0):
 garbage-first heap   total 102400K, used 89578K [0x00000000a2200000, 0x0000000100000000)
  region size 1024K, 60 young (61440K), 1 survivors (1024K)
 Metaspace       used 75718K, committed 76224K, reserved 1179648K
  class space    used 9602K, committed 9856K, reserved 1048576K
}
Event: 6756.113 GC heap after
{Heap after GC invocations=86 (full 0):
 garbage-first heap   total 102400K, used 29229K [0x00000000a2200000, 0x0000000100000000)
  region size 1024K, 1 young (1024K), 1 survivors (1024K)
 Metaspace       used 75718K, committed 76224K, reserved 1179648K
  class space    used 9602K, committed 9856K, reserved 1048576K
}

